<?xml version="1.0" encoding="UTF-8"?>
<!-- Generated by org.testng.reporters.JUnitReportReporter -->
<testsuite hostname="RAVISHANKAR" failures="0" tests="9" name="test.TC_005SearchHotel" time="84.387" errors="0" timestamp="2025-04-29T17:25:41 IST" skipped="0">
  <testcase classname="test.TC_005SearchHotel" name="SeachHotelTest" time="7.900"/>
  <testcase classname="test.TC_005SearchHotel" name="SeachHotelTest" time="9.957"/>
  <testcase classname="test.TC_005SearchHotel" name="SeachHotelTest" time="8.621"/>
  <testcase classname="test.TC_005SearchHotel" name="SeachHotelTest" time="10.459"/>
  <testcase classname="test.TC_005SearchHotel" name="SeachHotelTest" time="10.339"/>
  <testcase classname="test.TC_005SearchHotel" name="SeachHotelTest" time="9.959"/>
  <testcase classname="test.TC_005SearchHotel" name="SeachHotelTest" time="9.511"/>
  <testcase classname="test.TC_005SearchHotel" name="SeachHotelTest" time="8.945"/>
  <testcase classname="test.TC_005SearchHotel" name="SeachHotelTest" time="8.696"/>
</testsuite> <!-- test.TC_005SearchHotel -->
