<?xml version="1.0" encoding="UTF-8"?>
<!-- Generated by org.testng.reporters.JUnitReportReporter -->
<testsuite hostname="RAVISHANKAR" failures="0" tests="8" name="test.TC_006BookingHotel" time="96.933" errors="0" timestamp="2025-04-29T17:25:41 IST" skipped="0">
  <testcase classname="test.TC_006BookingHotel" name="booking" time="11.185"/>
  <testcase classname="test.TC_006BookingHotel" name="booking" time="17.470"/>
  <testcase classname="test.TC_006BookingHotel" name="booking" time="11.143"/>
  <testcase classname="test.TC_006BookingHotel" name="booking" time="11.655"/>
  <testcase classname="test.TC_006BookingHotel" name="booking" time="11.303"/>
  <testcase classname="test.TC_006BookingHotel" name="booking" time="11.374"/>
  <testcase classname="test.TC_006BookingHotel" name="booking" time="11.483"/>
  <testcase classname="test.TC_006BookingHotel" name="booking" time="11.320"/>
</testsuite> <!-- test.TC_006BookingHotel -->
