<?xml version="1.0" encoding="UTF-8"?>
<!-- Generated by org.testng.reporters.JUnitReportReporter -->
<testsuite hostname="RAVISHANKAR" failures="0" tests="3" name="test.TC_004ForgotPassword" time="38.185" errors="0" timestamp="2025-04-29T17:25:41 IST" skipped="0">
  <testcase classname="test.TC_004ForgotPassword" name="ForgotpasswordTest" time="18.708"/>
  <testcase classname="test.TC_004ForgotPassword" name="ForgotpasswordTest" time="11.011"/>
  <testcase classname="test.TC_004ForgotPassword" name="ForgotpasswordTest" time="8.466"/>
</testsuite> <!-- test.TC_004ForgotPassword -->
