<?xml version="1.0" encoding="UTF-8"?>
<!-- Generated by org.testng.reporters.JUnitReportReporter -->
<testsuite hostname="RAVISHANKAR" failures="0" tests="1" name="test.TC_009Logout" time="9.376" errors="0" timestamp="2025-04-29T17:25:41 IST" skipped="0">
  <testcase classname="test.TC_009Logout" name="LOGOUT_test" time="9.376"/>
</testsuite> <!-- test.TC_009Logout -->
