<?xml version="1.0" encoding="UTF-8"?>
<!-- Generated by org.testng.reporters.JUnitReportReporter -->
<testsuite hostname="RAVISHANKAR" failures="0" tests="2" name="test.TC_008Changepassword" time="19.773" errors="0" timestamp="2025-04-29T17:25:41 IST" skipped="0">
  <testcase classname="test.TC_008Changepassword" name="change_PasswordTest" time="9.636"/>
  <testcase classname="test.TC_008Changepassword" name="change_PasswordTest" time="10.137"/>
</testsuite> <!-- test.TC_008Changepassword -->
