<?xml version="1.0" encoding="UTF-8"?>
<!-- Generated by org.testng.reporters.JUnitReportReporter -->
<testsuite hostname="RAVISHANKAR" failures="0" tests="1" name="test.TC_002ResetData" time="8.674" errors="0" timestamp="2025-04-29T17:25:41 IST" skipped="0">
  <testcase classname="test.TC_002ResetData" name="userRegistration" time="8.674"/>
</testsuite> <!-- test.TC_002ResetData -->
