<?xml version="1.0" encoding="UTF-8"?>
<!-- Generated by org.testng.reporters.JUnitReportReporter -->
<testsuite hostname="RAVISHANKAR" failures="0" tests="6" name="test.TC_003Login" time="45.771" errors="0" timestamp="2025-04-29T17:25:41 IST" skipped="0">
  <testcase classname="test.TC_003Login" name="userRegistration" time="7.734"/>
  <testcase classname="test.TC_003Login" name="userRegistration" time="6.785"/>
  <testcase classname="test.TC_003Login" name="userRegistration" time="7.757"/>
  <testcase classname="test.TC_003Login" name="userRegistration" time="7.968"/>
  <testcase classname="test.TC_003Login" name="userRegistration" time="8.269"/>
  <testcase classname="test.TC_003Login" name="userRegistration" time="7.258"/>
</testsuite> <!-- test.TC_003Login -->
