<?xml version="1.0" encoding="UTF-8"?>
<!-- Generated by org.testng.reporters.JUnitReportReporter -->
<testsuite hostname="RAVISHANKAR" failures="0" tests="1" name="test.TC_002ResetData" time="6.664" errors="0" timestamp="2025-04-28T16:44:13 IST" skipped="0">
  <testcase classname="test.TC_002ResetData" name="userRegistration" time="6.664"/>
</testsuite> <!-- test.TC_002ResetData -->
